C:\USERS\PC\DOCUMENTS\VISUAL STUDIO 2012\PROJECTS\PROJECT_OOP\PROJECT_OOP\DEBUG\PHASE_1.OBJ
C:\USERS\PC\DOCUMENTS\VISUAL STUDIO 2012\PROJECTS\PROJECT_OOP\PROJECT_OOP\DEBUG\VC110.PDB
C:\USERS\PC\DOCUMENTS\VISUAL STUDIO 2012\PROJECTS\PROJECT_OOP\DEBUG\PROJECT_OOP.ILK
C:\USERS\PC\DOCUMENTS\VISUAL STUDIO 2012\PROJECTS\PROJECT_OOP\DEBUG\PROJECT_OOP.EXE
C:\USERS\PC\DOCUMENTS\VISUAL STUDIO 2012\PROJECTS\PROJECT_OOP\DEBUG\PROJECT_OOP.PDB
C:\Users\PC\Documents\visual studio 2012\Projects\Project_OOP\Project_OOP\Debug\cl.command.1.tlog
C:\Users\PC\Documents\visual studio 2012\Projects\Project_OOP\Project_OOP\Debug\CL.read.1.tlog
C:\Users\PC\Documents\visual studio 2012\Projects\Project_OOP\Project_OOP\Debug\CL.write.1.tlog
C:\Users\PC\Documents\visual studio 2012\Projects\Project_OOP\Project_OOP\Debug\link-cvtres.read.1.tlog
C:\Users\PC\Documents\visual studio 2012\Projects\Project_OOP\Project_OOP\Debug\link-cvtres.write.1.tlog
C:\Users\PC\Documents\visual studio 2012\Projects\Project_OOP\Project_OOP\Debug\link-rc.read.1.tlog
C:\Users\PC\Documents\visual studio 2012\Projects\Project_OOP\Project_OOP\Debug\link-rc.write.1.tlog
C:\Users\PC\Documents\visual studio 2012\Projects\Project_OOP\Project_OOP\Debug\link.11672-cvtres.read.1.tlog
C:\Users\PC\Documents\visual studio 2012\Projects\Project_OOP\Project_OOP\Debug\link.11672-cvtres.write.1.tlog
C:\Users\PC\Documents\visual studio 2012\Projects\Project_OOP\Project_OOP\Debug\link.11672-rc.read.1.tlog
C:\Users\PC\Documents\visual studio 2012\Projects\Project_OOP\Project_OOP\Debug\link.11672-rc.write.1.tlog
C:\Users\PC\Documents\visual studio 2012\Projects\Project_OOP\Project_OOP\Debug\link.11672.read.1.tlog
C:\Users\PC\Documents\visual studio 2012\Projects\Project_OOP\Project_OOP\Debug\link.11672.write.1.tlog
C:\Users\PC\Documents\visual studio 2012\Projects\Project_OOP\Project_OOP\Debug\link.13696-cvtres.read.1.tlog
C:\Users\PC\Documents\visual studio 2012\Projects\Project_OOP\Project_OOP\Debug\link.13696-cvtres.write.1.tlog
C:\Users\PC\Documents\visual studio 2012\Projects\Project_OOP\Project_OOP\Debug\link.13696-rc.read.1.tlog
C:\Users\PC\Documents\visual studio 2012\Projects\Project_OOP\Project_OOP\Debug\link.13696-rc.write.1.tlog
C:\Users\PC\Documents\visual studio 2012\Projects\Project_OOP\Project_OOP\Debug\link.13696.read.1.tlog
C:\Users\PC\Documents\visual studio 2012\Projects\Project_OOP\Project_OOP\Debug\link.13696.write.1.tlog
C:\Users\PC\Documents\visual studio 2012\Projects\Project_OOP\Project_OOP\Debug\link.15180-cvtres.read.1.tlog
C:\Users\PC\Documents\visual studio 2012\Projects\Project_OOP\Project_OOP\Debug\link.15180-cvtres.write.1.tlog
C:\Users\PC\Documents\visual studio 2012\Projects\Project_OOP\Project_OOP\Debug\link.15180-rc.read.1.tlog
C:\Users\PC\Documents\visual studio 2012\Projects\Project_OOP\Project_OOP\Debug\link.15180-rc.write.1.tlog
C:\Users\PC\Documents\visual studio 2012\Projects\Project_OOP\Project_OOP\Debug\link.15180.read.1.tlog
C:\Users\PC\Documents\visual studio 2012\Projects\Project_OOP\Project_OOP\Debug\link.15180.write.1.tlog
C:\Users\PC\Documents\visual studio 2012\Projects\Project_OOP\Project_OOP\Debug\link.20880-cvtres.read.1.tlog
C:\Users\PC\Documents\visual studio 2012\Projects\Project_OOP\Project_OOP\Debug\link.20880-cvtres.write.1.tlog
C:\Users\PC\Documents\visual studio 2012\Projects\Project_OOP\Project_OOP\Debug\link.20880-rc.read.1.tlog
C:\Users\PC\Documents\visual studio 2012\Projects\Project_OOP\Project_OOP\Debug\link.20880-rc.write.1.tlog
C:\Users\PC\Documents\visual studio 2012\Projects\Project_OOP\Project_OOP\Debug\link.20880.read.1.tlog
C:\Users\PC\Documents\visual studio 2012\Projects\Project_OOP\Project_OOP\Debug\link.20880.write.1.tlog
C:\Users\PC\Documents\visual studio 2012\Projects\Project_OOP\Project_OOP\Debug\link.2260-cvtres.read.1.tlog
C:\Users\PC\Documents\visual studio 2012\Projects\Project_OOP\Project_OOP\Debug\link.2260-cvtres.write.1.tlog
C:\Users\PC\Documents\visual studio 2012\Projects\Project_OOP\Project_OOP\Debug\link.2260-rc.read.1.tlog
C:\Users\PC\Documents\visual studio 2012\Projects\Project_OOP\Project_OOP\Debug\link.2260-rc.write.1.tlog
C:\Users\PC\Documents\visual studio 2012\Projects\Project_OOP\Project_OOP\Debug\link.2260.read.1.tlog
C:\Users\PC\Documents\visual studio 2012\Projects\Project_OOP\Project_OOP\Debug\link.2260.write.1.tlog
C:\Users\PC\Documents\visual studio 2012\Projects\Project_OOP\Project_OOP\Debug\link.4152-cvtres.read.1.tlog
C:\Users\PC\Documents\visual studio 2012\Projects\Project_OOP\Project_OOP\Debug\link.4152-cvtres.write.1.tlog
C:\Users\PC\Documents\visual studio 2012\Projects\Project_OOP\Project_OOP\Debug\link.4152-rc.read.1.tlog
C:\Users\PC\Documents\visual studio 2012\Projects\Project_OOP\Project_OOP\Debug\link.4152-rc.write.1.tlog
C:\Users\PC\Documents\visual studio 2012\Projects\Project_OOP\Project_OOP\Debug\link.4152.read.1.tlog
C:\Users\PC\Documents\visual studio 2012\Projects\Project_OOP\Project_OOP\Debug\link.4152.write.1.tlog
C:\Users\PC\Documents\visual studio 2012\Projects\Project_OOP\Project_OOP\Debug\link.6756-cvtres.read.1.tlog
C:\Users\PC\Documents\visual studio 2012\Projects\Project_OOP\Project_OOP\Debug\link.6756-cvtres.write.1.tlog
C:\Users\PC\Documents\visual studio 2012\Projects\Project_OOP\Project_OOP\Debug\link.6756-rc.read.1.tlog
C:\Users\PC\Documents\visual studio 2012\Projects\Project_OOP\Project_OOP\Debug\link.6756-rc.write.1.tlog
C:\Users\PC\Documents\visual studio 2012\Projects\Project_OOP\Project_OOP\Debug\link.6756.read.1.tlog
C:\Users\PC\Documents\visual studio 2012\Projects\Project_OOP\Project_OOP\Debug\link.6756.write.1.tlog
C:\Users\PC\Documents\visual studio 2012\Projects\Project_OOP\Project_OOP\Debug\link.command.1.tlog
C:\Users\PC\Documents\visual studio 2012\Projects\Project_OOP\Project_OOP\Debug\link.read.1.tlog
C:\Users\PC\Documents\visual studio 2012\Projects\Project_OOP\Project_OOP\Debug\link.write.1.tlog
C:\Users\PC\Documents\visual studio 2012\Projects\Project_OOP\Project_OOP\Debug\vc110.idb
C:\Users\PC\Documents\visual studio 2012\Projects\Project_OOP\Project_OOP\Debug\vc110.pdb
C:\Users\PC\Documents\visual studio 2012\Projects\Project_OOP\Debug\Project_OOP.pdb
C:\Users\PC\Documents\visual studio 2012\Projects\Project_OOP\Debug\Project_OOP.exe
C:\Users\PC\Documents\visual studio 2012\Projects\Project_OOP\Debug\Project_OOP.ilk
