Build started 3/01/2022 2:51:42 PM.
     1>Project "C:\Users\PC\Documents\visual studio 2012\Projects\Project_OOP\Project_OOP\Project_OOP.vcxproj" on node 2 (Build target(s)).
     1>ClCompile:
         C:\Program Files (x86)\Microsoft Visual Studio 11.0\VC\bin\CL.exe /c /ZI /nologo /W3 /WX- /Od /Oy- /D WIN32 /D _DEBUG /D _CONSOLE /D _UNICODE /D UNICODE /Gm /EHsc /RTC1 /MDd /GS /fp:precise /Zc:wchar_t /Zc:forScope /Fo"Debug\\" /Fd"Debug\vc110.pdb" /Gd /TP /analyze- /errorReport:prompt "20L-1372 _PHASE 2COPY.cpp"
         20L-1372 _PHASE 2COPY.cpp
     1>c:\users\pc\documents\visual studio 2012\projects\project_oop\project_oop\20l-1372 _phase 2copy.cpp(1049): warning C4258: 'i' : definition from the for loop is ignored; the definition from the enclosing scope is used
                 c:\users\pc\documents\visual studio 2012\projects\project_oop\project_oop\20l-1372 _phase 2copy.cpp(1039) : definition of 'i' ignored
                 c:\users\pc\documents\visual studio 2012\projects\project_oop\project_oop\20l-1372 _phase 2copy.cpp(1027) : definition of 'i' used
     1>c:\users\pc\documents\visual studio 2012\projects\project_oop\project_oop\20l-1372 _phase 2copy.cpp(1050): warning C4258: 'i' : definition from the for loop is ignored; the definition from the enclosing scope is used
                 c:\users\pc\documents\visual studio 2012\projects\project_oop\project_oop\20l-1372 _phase 2copy.cpp(1039) : definition of 'i' ignored
                 c:\users\pc\documents\visual studio 2012\projects\project_oop\project_oop\20l-1372 _phase 2copy.cpp(1027) : definition of 'i' used
     1>c:\users\pc\documents\visual studio 2012\projects\project_oop\project_oop\20l-1372 _phase 2copy.cpp(1060): warning C4258: 'i' : definition from the for loop is ignored; the definition from the enclosing scope is used
                 c:\users\pc\documents\visual studio 2012\projects\project_oop\project_oop\20l-1372 _phase 2copy.cpp(1056) : definition of 'i' ignored
                 c:\users\pc\documents\visual studio 2012\projects\project_oop\project_oop\20l-1372 _phase 2copy.cpp(1027) : definition of 'i' used
     1>c:\users\pc\documents\visual studio 2012\projects\project_oop\project_oop\20l-1372 _phase 2copy.cpp(1121): warning C4715: 'Facebook::Search_post_by_id' : not all control paths return a value
     1>c:\users\pc\documents\visual studio 2012\projects\project_oop\project_oop\20l-1372 _phase 2copy.cpp(1176): warning C4715: 'Facebook::Search_User_By_Id' : not all control paths return a value
     1>c:\users\pc\documents\visual studio 2012\projects\project_oop\project_oop\20l-1372 _phase 2copy.cpp(1154): warning C4715: 'Facebook::SearchPages' : not all control paths return a value
     1>c:\users\pc\documents\visual studio 2012\projects\project_oop\project_oop\20l-1372 _phase 2copy.cpp(318): warning C4715: 'Posts::Getsharedby' : not all control paths return a value
       Link:
         C:\Program Files (x86)\Microsoft Visual Studio 11.0\VC\bin\link.exe /ERRORREPORT:PROMPT /OUT:"C:\Users\PC\Documents\visual studio 2012\Projects\Project_OOP\Debug\Project_OOP.exe" /INCREMENTAL /NOLOGO kernel32.lib user32.lib gdi32.lib winspool.lib comdlg32.lib advapi32.lib shell32.lib ole32.lib oleaut32.lib uuid.lib odbc32.lib odbccp32.lib /MANIFEST /MANIFESTUAC:"level='asInvoker' uiAccess='false'" /manifest:embed /DEBUG /PDB:"C:\Users\PC\Documents\visual studio 2012\Projects\Project_OOP\Debug\Project_OOP.pdb" /SUBSYSTEM:CONSOLE /TLBID:1 /DYNAMICBASE /NXCOMPAT /IMPLIB:"C:\Users\PC\Documents\visual studio 2012\Projects\Project_OOP\Debug\Project_OOP.lib" /MACHINE:X86 "Debug\20L-1372 _PHASE 2COPY.obj"
         Project_OOP.vcxproj -> C:\Users\PC\Documents\visual studio 2012\Projects\Project_OOP\Debug\Project_OOP.exe
     1>Done Building Project "C:\Users\PC\Documents\visual studio 2012\Projects\Project_OOP\Project_OOP\Project_OOP.vcxproj" (Build target(s)).

Build succeeded.

Time Elapsed 00:00:04.28
